<?xml version="1.0" encoding="UTF-8"?>
<!-- Generated by org.testng.reporters.JUnitReportReporter -->
<testsuite hostname="INLEN8520045463" failures="0" tests="3" name="TestRunner.TestRunner1" time="26.204" errors="0" timestamp="2022-07-19T23:14:54 IST" skipped="0">
  <testcase classname="TestRunner.TestRunner1" name="runScenario" time="7.356"/>
  <system-out/>
  <testcase classname="TestRunner.TestRunner1" name="runScenario" time="7.782"/>
  <system-out/>
  <testcase classname="TestRunner.TestRunner1" name="runScenario" time="11.066"/>
  <system-out/>
</testsuite> <!-- TestRunner.TestRunner1 -->
