<?xml version="1.0" encoding="UTF-8"?>
<!-- Generated by org.testng.reporters.JUnitReportReporter -->
<testsuite hostname="INLEN8520045463" failures="0" tests="3" name="TestRunner.TestRunner2" time="22.436" errors="0" timestamp="2022-07-19T23:14:54 IST" skipped="0">
  <testcase classname="TestRunner.TestRunner2" name="runScenario" time="6.108"/>
  <system-out/>
  <testcase classname="TestRunner.TestRunner2" name="runScenario" time="8.706"/>
  <system-out/>
  <testcase classname="TestRunner.TestRunner2" name="runScenario" time="7.622"/>
  <system-out/>
</testsuite> <!-- TestRunner.TestRunner2 -->
